La génération a démarré 18/12/2014 21:03:59.
     1>Projet "C:\Users\andria\Documents\Visual Studio 2010\Projects\BarProject\BARPROJECT_implementation_lib.vcxproj" sur le nœud 2 (rebuild cible(s)).
     1>_PrepareForClean:
         Suppression du fichier "BARPROJECT_implementation_lib.dir\Release\BARPROJECT_implementation_lib.lastbuildstate".
       InitializeBuildStatus:
         Création de "BARPROJECT_implementation_lib.dir\Release\BARPROJECT_implementation_lib.unsuccessfulbuild", car "AlwaysCreate" a été spécifié.
       CustomBuild:
         Building Custom Rule C:/MASA Group/MASA Life/workspace/BarProject/implementations/src/CMakeLists.txt
         CMake does not need to re-run because C:\Users\andria\Documents\Visual Studio 2010\Projects\BarProject\CMakeFiles\generate.stamp is up-to-date.
       ClCompile:
         c:\Program Files (x86)\Microsoft Visual Studio 10.0\VC\bin\CL.exe /c /I"C:\MASA Group\MASA Life\dll\vc100\..\..\include" /I"C:\MASA Group\MASA Life\lib\vc100\..\..\include" /nologo /W3 /WX- /O2 /Ob2 /Oy- /D NDEBUG /D "CMAKE_INTDIR=\"Release\"" /D BARPROJECT_implementation_lib_EXPORTS /D _WINDLL /D _MBCS /Gm- /EHsc /MD /GS /fp:precise /Zc:wchar_t /Zc:forScope /GR- /Fo"BARPROJECT_implementation_lib.dir\Release\\" /Fd"BARPROJECT_implementation_lib.dir\Release\vc100.pdb" /Gd /TP /analyze- /errorReport:prompt "..\..\..\..\..\..\MASA Group\MASA Life\workspace\BarProject\implementations\src\ImplementationLibrary.cpp" "..\..\..\..\..\..\MASA Group\MASA Life\workspace\BarProject\implementations\src\InterpolateEntityPositionAction.cpp" "..\..\..\..\..\..\MASA Group\MASA Life\workspace\BarProject\implementations\src\ContactComponent.cpp"
         ImplementationLibrary.cpp
         InterpolateEntityPositionAction.cpp
     1>C:\MASA Group\MASA Life\dll\vc100\..\..\include\mlv/utils/GeometryPrimitives.h(83): warning C4251: 'mlv::utils::Triangle3r::vertices_' : class 'mlv::utils::Vector3<T>' nécessite une interface DLL pour être utilisé(e) par les clients de class 'mlv::utils::Triangle3r'
                 with
                 [
                     T=double
                 ]
         ContactComponent.cpp
     1>C:\MASA Group\MASA Life\dll\vc100\..\..\include\mlv/utils/GeometryPrimitives.h(83): warning C4251: 'mlv::utils::Triangle3r::vertices_' : class 'mlv::utils::Vector3<T>' nécessite une interface DLL pour être utilisé(e) par les clients de class 'mlv::utils::Triangle3r'
                 with
                 [
                     T=double
                 ]
         Génération de code en cours...
       Link:
         c:\Program Files (x86)\Microsoft Visual Studio 10.0\VC\bin\link.exe /ERRORREPORT:PROMPT /OUT:"C:\MASA Group\MASA Life\workspace\BarProject\implementations\BARPROJECT_implementation_lib_vc100-mt.dll" /INCREMENTAL:NO /NOLOGO kernel32.lib user32.lib gdi32.lib winspool.lib shell32.lib ole32.lib oleaut32.lib uuid.lib comdlg32.lib advapi32.lib "C:\MASA Group\MASA Life\lib\vc100\mlv_allocator_vc100-mt.lib" "C:\MASA Group\MASA Life\lib\vc100\mlv_utils_vc100-mt.lib" "C:\MASA Group\MASA Life\lib\vc100\mlv_behavior_vc100-mt.lib" "C:\MASA Group\MASA Life\lib\vc100\mlv_simulation_vc100-mt.lib" "C:\MASA Group\MASA Life\lib\vc100\mlv_simulation_components_vc100-mt.lib" "C:\MASA Group\MASA Life\lib\vc100\mlv_simulation_configuration_vc100-mt.lib" "C:\MASA Group\MASA Life\lib\vc100\mlv_simulation_components_vc100-mt.lib" "C:\MASA Group\MASA Life\lib\vc100\mlv_behavior_vc100-mt.lib" "C:\MASA Group\MASA Life\lib\vc100\mlv_simulation_vc100-mt.lib" "C:\MASA Group\MASA Life\lib\vc100\mlv_utils_vc100-mt.lib" "C:\MASA Group\MASA Life\lib\vc100\libprotobuf_vc100-mt.lib" "C:\MASA Group\MASA Life\lib\vc100\mlv_allocator_vc100-mt.lib" ws2_32.lib "C:\MASA Group\MASA Life\lib\vc100\pthreads.lib" "C:\MASA Group\MASA Life\lib\vc100\Recast.lib" "C:\MASA Group\MASA Life\lib\vc100\Detour.lib" "C:\MASA Group\MASA Life\lib\vc100\DetourCrowd.lib" /MANIFEST /ManifestFile:"BARPROJECT_implementation_lib.dir\Release\BARPROJECT_implementation_lib_vc100-mt.dll.intermediate.manifest" /MANIFESTUAC:"level='asInvoker' uiAccess='false'" /PDB:"C:/MASA Group/MASA Life/workspace/BarProject/implementations/BARPROJECT_implementation_lib_vc100-mt.pdb" /SUBSYSTEM:CONSOLE /TLBID:1 /DYNAMICBASE /NXCOMPAT /IMPLIB:"C:/Users/andria/Documents/Visual Studio 2010/Projects/BarProject/Release/BARPROJECT_implementation_lib_vc100-mt.lib" /MACHINE:X86 /DLL BARPROJECT_implementation_lib.dir\Release\ImplementationLibrary.obj
         BARPROJECT_implementation_lib.dir\Release\InterpolateEntityPositionAction.obj
         BARPROJECT_implementation_lib.dir\Release\ContactComponent.obj  /machine:X86 
            Création de la bibliothèque C:/Users/andria/Documents/Visual Studio 2010/Projects/BarProject/Release/BARPROJECT_implementation_lib_vc100-mt.lib et de l'objet C:/Users/andria/Documents/Visual Studio 2010/Projects/BarProject/Release/BARPROJECT_implementation_lib_vc100-mt.exp
         BARPROJECT_implementation_lib.vcxproj -> C:\MASA Group\MASA Life\workspace\BarProject\implementations\BARPROJECT_implementation_lib_vc100-mt.dll
       Manifest:
         C:\Program Files (x86)\Microsoft SDKs\Windows\v7.0A\bin\mt.exe /nologo /verbose /outputresource:"C:\MASA Group\MASA Life\workspace\BarProject\implementations\BARPROJECT_implementation_lib_vc100-mt.dll;#2" /manifest "BARPROJECT_implementation_lib.dir\Release\BARPROJECT_implementation_lib_vc100-mt.dll.intermediate.manifest"
       FinalizeBuildStatus:
         Suppression du fichier "BARPROJECT_implementation_lib.dir\Release\BARPROJECT_implementation_lib.unsuccessfulbuild".
         Mise à jour de l'horodatage "BARPROJECT_implementation_lib.dir\Release\BARPROJECT_implementation_lib.lastbuildstate".
     1>Génération du projet "C:\Users\andria\Documents\Visual Studio 2010\Projects\BarProject\BARPROJECT_implementation_lib.vcxproj" terminée (rebuild cible(s)).

La génération a réussi.

Temps écoulé 00:00:07.42
