C:\MASA GROUP\MASA LIFE\WORKSPACE\BARPROJECT\IMPLEMENTATIONS\BARPROJECT_IMPLEMENTATION_LIB_VC100-MT.DLL
C:\Users\andria\Documents\Visual Studio 2010\Projects\BarProject\BARPROJECT_implementation_lib.dir\Release\BARPROJECT_implementation_lib.write.1.tlog
C:\USERS\ANDRIA\DOCUMENTS\VISUAL STUDIO 2010\PROJECTS\BARPROJECT\BARPROJECT_IMPLEMENTATION_LIB.DIR\RELEASE\BARPROJECT_IMPLEMENTATION_LIB_VC100-MT.DLL.INTERMEDIATE.MANIFEST
C:\Users\andria\Documents\Visual Studio 2010\Projects\BarProject\BARPROJECT_implementation_lib.dir\Release\cl.command.1.tlog
C:\Users\andria\Documents\Visual Studio 2010\Projects\BarProject\BARPROJECT_implementation_lib.dir\Release\CL.read.1.tlog
C:\Users\andria\Documents\Visual Studio 2010\Projects\BarProject\BARPROJECT_implementation_lib.dir\Release\CL.write.1.tlog
C:\USERS\ANDRIA\DOCUMENTS\VISUAL STUDIO 2010\PROJECTS\BARPROJECT\BARPROJECT_IMPLEMENTATION_LIB.DIR\RELEASE\CONTACTCOMPONENT.OBJ
C:\Users\andria\Documents\Visual Studio 2010\Projects\BarProject\BARPROJECT_implementation_lib.dir\Release\custombuild.command.1.tlog
C:\Users\andria\Documents\Visual Studio 2010\Projects\BarProject\BARPROJECT_implementation_lib.dir\Release\custombuild.read.1.tlog
C:\Users\andria\Documents\Visual Studio 2010\Projects\BarProject\BARPROJECT_implementation_lib.dir\Release\custombuild.write.1.tlog
C:\USERS\ANDRIA\DOCUMENTS\VISUAL STUDIO 2010\PROJECTS\BARPROJECT\BARPROJECT_IMPLEMENTATION_LIB.DIR\RELEASE\IMPLEMENTATIONLIBRARY.OBJ
C:\USERS\ANDRIA\DOCUMENTS\VISUAL STUDIO 2010\PROJECTS\BARPROJECT\BARPROJECT_IMPLEMENTATION_LIB.DIR\RELEASE\INTERPOLATEENTITYPOSITIONACTION.OBJ
C:\Users\andria\Documents\Visual Studio 2010\Projects\BarProject\BARPROJECT_implementation_lib.dir\Release\link.command.1.tlog
C:\Users\andria\Documents\Visual Studio 2010\Projects\BarProject\BARPROJECT_implementation_lib.dir\Release\link.read.1.tlog
C:\Users\andria\Documents\Visual Studio 2010\Projects\BarProject\BARPROJECT_implementation_lib.dir\Release\link.write.1.tlog
C:\Users\andria\Documents\Visual Studio 2010\Projects\BarProject\BARPROJECT_implementation_lib.dir\Release\mt.command.1.tlog
C:\Users\andria\Documents\Visual Studio 2010\Projects\BarProject\BARPROJECT_implementation_lib.dir\Release\mt.read.1.tlog
C:\Users\andria\Documents\Visual Studio 2010\Projects\BarProject\BARPROJECT_implementation_lib.dir\Release\mt.write.1.tlog
C:\USERS\ANDRIA\DOCUMENTS\VISUAL STUDIO 2010\PROJECTS\BARPROJECT\CMAKEFILES\GENERATE.STAMP
C:\Users\andria\Documents\Visual Studio 2010\Projects\BarProject\Release\BARPROJECT_implementation_lib_vc100-mt.exp
C:\Users\andria\Documents\Visual Studio 2010\Projects\BarProject\Release\BARPROJECT_implementation_lib_vc100-mt.lib
