C:\MASA GROUP\MASA LIFE\WORKSPACE\BARPROJECT\IMPLEMENTATIONS\BARPROJECT_IMPLEMENTATION_LIB_VC100-MT-GD.DLL
C:\MASA GROUP\MASA LIFE\WORKSPACE\BARPROJECT\IMPLEMENTATIONS\BARPROJECT_IMPLEMENTATION_LIB_VC100-MT-GD.ILK
C:\MASA GROUP\MASA LIFE\WORKSPACE\BARPROJECT\IMPLEMENTATIONS\BARPROJECT_IMPLEMENTATION_LIB_VC100-MT-GD.PDB
C:\Users\andria\Documents\Visual Studio 2010\Projects\BarProject\BARPROJECT_implementation_lib.dir\Debug\BARPROJECT_implementation_lib.write.1.tlog
C:\USERS\ANDRIA\DOCUMENTS\VISUAL STUDIO 2010\PROJECTS\BARPROJECT\BARPROJECT_IMPLEMENTATION_LIB.DIR\DEBUG\BARPROJECT_IMPLEMENTATION_LIB_VC100-MT-GD.DLL.EMBED.MANIFEST
C:\USERS\ANDRIA\DOCUMENTS\VISUAL STUDIO 2010\PROJECTS\BARPROJECT\BARPROJECT_IMPLEMENTATION_LIB.DIR\DEBUG\BARPROJECT_IMPLEMENTATION_LIB_VC100-MT-GD.DLL.EMBED.MANIFEST.RES
C:\USERS\ANDRIA\DOCUMENTS\VISUAL STUDIO 2010\PROJECTS\BARPROJECT\BARPROJECT_IMPLEMENTATION_LIB.DIR\DEBUG\BARPROJECT_IMPLEMENTATION_LIB_VC100-MT-GD.DLL.INTERMEDIATE.MANIFEST
C:\Users\andria\Documents\Visual Studio 2010\Projects\BarProject\BARPROJECT_implementation_lib.dir\Debug\BARPROJECT_implementation_lib_vc100-mt-gd_manifest.rc
C:\Users\andria\Documents\Visual Studio 2010\Projects\BarProject\BARPROJECT_implementation_lib.dir\Debug\cl.command.1.tlog
C:\Users\andria\Documents\Visual Studio 2010\Projects\BarProject\BARPROJECT_implementation_lib.dir\Debug\CL.read.1.tlog
C:\Users\andria\Documents\Visual Studio 2010\Projects\BarProject\BARPROJECT_implementation_lib.dir\Debug\CL.write.1.tlog
C:\USERS\ANDRIA\DOCUMENTS\VISUAL STUDIO 2010\PROJECTS\BARPROJECT\BARPROJECT_IMPLEMENTATION_LIB.DIR\DEBUG\CONTACTCOMPONENT.OBJ
C:\Users\andria\Documents\Visual Studio 2010\Projects\BarProject\BARPROJECT_implementation_lib.dir\Debug\custombuild.command.1.tlog
C:\Users\andria\Documents\Visual Studio 2010\Projects\BarProject\BARPROJECT_implementation_lib.dir\Debug\custombuild.read.1.tlog
C:\Users\andria\Documents\Visual Studio 2010\Projects\BarProject\BARPROJECT_implementation_lib.dir\Debug\custombuild.write.1.tlog
C:\USERS\ANDRIA\DOCUMENTS\VISUAL STUDIO 2010\PROJECTS\BARPROJECT\BARPROJECT_IMPLEMENTATION_LIB.DIR\DEBUG\IMPLEMENTATIONLIBRARY.OBJ
C:\USERS\ANDRIA\DOCUMENTS\VISUAL STUDIO 2010\PROJECTS\BARPROJECT\BARPROJECT_IMPLEMENTATION_LIB.DIR\DEBUG\INTERPOLATEENTITYPOSITIONACTION.OBJ
C:\Users\andria\Documents\Visual Studio 2010\Projects\BarProject\BARPROJECT_implementation_lib.dir\Debug\link.7284.read.1.tlog
C:\Users\andria\Documents\Visual Studio 2010\Projects\BarProject\BARPROJECT_implementation_lib.dir\Debug\link.7284.write.1.tlog
C:\Users\andria\Documents\Visual Studio 2010\Projects\BarProject\BARPROJECT_implementation_lib.dir\Debug\link.7284-cvtres.read.1.tlog
C:\Users\andria\Documents\Visual Studio 2010\Projects\BarProject\BARPROJECT_implementation_lib.dir\Debug\link.7284-cvtres.write.1.tlog
C:\Users\andria\Documents\Visual Studio 2010\Projects\BarProject\BARPROJECT_implementation_lib.dir\Debug\link.command.1.tlog
C:\Users\andria\Documents\Visual Studio 2010\Projects\BarProject\BARPROJECT_implementation_lib.dir\Debug\link.read.1.tlog
C:\Users\andria\Documents\Visual Studio 2010\Projects\BarProject\BARPROJECT_implementation_lib.dir\Debug\link.write.1.tlog
C:\Users\andria\Documents\Visual Studio 2010\Projects\BarProject\BARPROJECT_implementation_lib.dir\Debug\link-cvtres.read.1.tlog
C:\Users\andria\Documents\Visual Studio 2010\Projects\BarProject\BARPROJECT_implementation_lib.dir\Debug\link-cvtres.write.1.tlog
C:\Users\andria\Documents\Visual Studio 2010\Projects\BarProject\BARPROJECT_implementation_lib.dir\Debug\mt.command.1.tlog
C:\Users\andria\Documents\Visual Studio 2010\Projects\BarProject\BARPROJECT_implementation_lib.dir\Debug\mt.read.1.tlog
C:\Users\andria\Documents\Visual Studio 2010\Projects\BarProject\BARPROJECT_implementation_lib.dir\Debug\mt.write.1.tlog
C:\Users\andria\Documents\Visual Studio 2010\Projects\BarProject\BARPROJECT_implementation_lib.dir\Debug\rc.command.1.tlog
C:\Users\andria\Documents\Visual Studio 2010\Projects\BarProject\BARPROJECT_implementation_lib.dir\Debug\rc.read.1.tlog
C:\Users\andria\Documents\Visual Studio 2010\Projects\BarProject\BARPROJECT_implementation_lib.dir\Debug\rc.write.1.tlog
C:\USERS\ANDRIA\DOCUMENTS\VISUAL STUDIO 2010\PROJECTS\BARPROJECT\BARPROJECT_IMPLEMENTATION_LIB.DIR\DEBUG\VC100.PDB
C:\USERS\ANDRIA\DOCUMENTS\VISUAL STUDIO 2010\PROJECTS\BARPROJECT\CMAKEFILES\GENERATE.STAMP
C:\Users\andria\Documents\Visual Studio 2010\Projects\BarProject\Debug\BARPROJECT_implementation_lib_vc100-mt-gd.exp
C:\Users\andria\Documents\Visual Studio 2010\Projects\BarProject\Debug\BARPROJECT_implementation_lib_vc100-mt-gd.lib
